<!--

    Copyright (c) 2005, 2018 Oracle and/or its affiliates. All rights reserved.

    This program and the accompanying materials are made available under the
    terms of the Eclipse Distribution License v. 1.0, which is available at
    http://www.eclipse.org/org/documents/edl-v10.php.

    SPDX-License-Identifier: BSD-3-Clause

-->

<!-- test EPR instance -->
<wsa:EndpointReference
     xmlns:wsa="http://www.w3.org/2005/08/addressing"
     xmlns:wsaw="http://www.w3.org/2006/02/addressing/wsdl"
     xmlns:fabrikam="http://example.com/fabrikam"
     xmlns:wsdli="http://www.w3.org/2006/01/wsdl-instance"
     wsdli:wsdlLocation="http://example.com/fabrikam
       http://example.com/fabrikam/fabrikam.wsdl">
   <wsa:Address>http://example.com/fabrikam/acct</wsa:Address>
   <wsa:Metadata>
       <wsaw:InterfaceName>fabrikam:Inventory</wsaw:InterfaceName>
   </wsa:Metadata>
   <wsa:ReferenceParameters>
       <fabrikam:CustomerKey>123456789</fabrikam:CustomerKey>
       <fabrikam:ShoppingCart>ABCDEFG</fabrikam:ShoppingCart>
   </wsa:ReferenceParameters>
</wsa:EndpointReference>
